G:\My Drive\- CCPS 506\assignment>elixir 2.exs


Winner hand 2: [2, "H", 2, "S", 5, "S", 2, "C", 13, "C"]
Losing hand 1: [3, "H", 10, "S", 4, "S", 4, "C", 5, "C"]
----------------------------------------------------
Winner hand 1: [14, "H", 14, "S", 13, "D", 13, "C", 5, "C"]
Losing hand 2: [10, "H", 2, "S", 14, "S", 4, "D", 5, "C"]
----------------------------------------------------
Winner hand 1: [2, "H", 3, "S", 14, "S", 4, "C", 5, "C"]
Losing hand 2: [2, "H", 2, "S", 5, "S", 2, "C", 13, "C"]
----------------------------------------------------
Winner hand 2: [5, "S", 7, "S", 9, "S", 6, "S", 8, "S"]
Losing hand 1: [10, "D", 13, "S", 12, "S", 11, "D", 14, "H"]
----------------------------------------------------
Winner hand 2: [10, "S", 13, "D", 12, "C", 11, "H", 14, "S"]
Losing hand 1: [10, "D", 13, "S", 12, "S", 11, "D", 14, "H"]
----------------------------------------------------
Winner hand 1: [14, "H", 14, "S", 13, "D", 13, "C", 5, "C"]
Losing hand 2: [2, "H", 2, "S", 14, "S", 14, "C", 5, "C"]
----------------------------------------------------
Winner hand 1: [14, "H", 14, "S", 13, "D", 13, "C", 5, "C"]
Losing hand 2: [14, "H", 2, "S", 14, "S", 4, "C", 5, "C"]
----------------------------------------------------
Winner hand 2: [14, "H", 2, "S", 14, "S", 4, "C", 5, "C"]
Losing hand 1: [2, "H", 2, "S", 14, "S", 4, "C", 5, "C"]
----------------------------------------------------
Winner hand 2: [14, "H", 14, "S", 14, "D", 5, "C", 5, "C"]
Losing hand 1: [14, "H", 14, "S", 14, "D", 13, "C", 5, "C"]
----------------------------------------------------
Winner hand 2: [5, "S", 7, "S", 9, "S", 11, "S", 13, "S"]
Losing hand 1: [5, "C", 7, "C", 9, "C", 11, "C", 12, "C"]
----------------------------------------------------
Winner hand 1: [5, "S", 7, "S", 9, "S", 6, "S", 8, "S"]
Losing hand 2: [14, "D", 2, "D", 3, "D", 5, "D", 4, "D"]
----------------------------------------------------
Winner hand 1: [14, "D", 2, "D", 3, "D", 5, "D", 4, "D"]
Losing hand 2: [5, "S", 7, "S", 9, "S", 11, "S", 13, "S"]
----------------------------------------------------
Winner hand 2: [14, "S", 13, "S", 11, "S", 12, "S", 10, "S"]
Losing hand 1: [14, "D", 2, "D", 3, "D", 5, "D", 4, "D"]
----------------------------------------------------
Winner hand 2: [14, "S", 13, "S", 11, "S", 12, "S", 10, "S"]
Losing hand 1: [14, "H", 14, "S", 13, "D", 13, "C", 5, "C"]
----------------------------------------------------


C:\Users\Andy\OneDrive\School\rust>project
Winner hand 2: [(9, 'S'), (6, 'S'), (8, 'S'), (7, 'S'), (5, 'S')]
Losing hand 1: [(2, 'D'), (14, 'D'), (3, 'D'), (4, 'D'), (5, 'D')]
----------------------------------------------------
Winner hand 1: [(2, 'H'), (3, 'S'), (14, 'S'), (4, 'C'), (5, 'C')]
Losing hand 2: [(10, 'H'), (2, 'S'), (14, 'S'), (4, 'D'), (5, 'C')]
----------------------------------------------------
Winner hand 2: [(14, 'H'), (2, 'S'), (14, 'S'), (4, 'C'), (5, 'C')]
Losing hand 1: [(2, 'H'), (2, 'S'), (14, 'S'), (4, 'C'), (5, 'C')]
----------------------------------------------------
Winner hand 1: [(14, 'H'), (14, 'S'), (13, 'D'), (13, 'C'), (5, 'C')]
Losing hand 2: [(14, 'H'), (2, 'S'), (14, 'S'), (4, 'C'), (5, 'C')]
----------------------------------------------------
Winner hand 1: [(14, 'S'), (13, 'S'), (11, 'S'), (12, 'S'), (10, 'S')]
Losing hand 2: [(5, 'S'), (7, 'S'), (9, 'S'), (11, 'S'), (13, 'S')]
----------------------------------------------------
Winner hand 1: [(14, 'H'), (14, 'S'), (14, 'D'), (5, 'C'), (5, 'C')]
Losing hand 2: [(14, 'H'), (14, 'S'), (14, 'D'), (13, 'C'), (5, 'C')]
----------------------------------------------------
Winner hand 2: [(14, 'D'), (2, 'D'), (3, 'D'), (5, 'D'), (4, 'D')]
Losing hand 1: [(10, 'S'), (13, 'D'), (12, 'C'), (11, 'H'), (14, 'S')]
----------------------------------------------------